[2025-08-17 21:59:08,256] DEBUG - Logger initialized
[2025-08-17 21:59:08,256] INFO - Iniciando o jogo SkyFighters
[2025-08-17 21:59:08,256] INFO - Inicializando classe Game
[2025-08-17 21:59:08,789] INFO - Inicializando sistema de pontuação
[2025-08-17 21:59:08,822] DEBUG - Sistema de pontuação inicializado com sucesso
[2025-08-17 21:59:08,822] INFO - Classe Game inicializada com sucesso
[2025-08-17 21:59:08,822] INFO - Jogo inicializado com sucesso
[2025-08-17 21:59:08,823] INFO - Iniciando loop principal do jogo
[2025-08-17 21:59:08,823] DEBUG - Exibindo menu principal
[2025-08-17 21:59:08,823] INFO - Inicializando Menu
[2025-08-17 21:59:08,825] DEBUG - Carregando imagem de fundo do menu
[2025-08-17 21:59:08,860] INFO - Menu inicializado com sucesso
[2025-08-17 21:59:08,860] INFO - Iniciando loop do menu
[2025-08-17 21:59:10,111] INFO - Opção confirmada: NEW GAME 1P
[2025-08-17 21:59:10,112] INFO - Jogador selecionou modo: NEW GAME 1P
[2025-08-17 21:59:10,112] INFO - Gerenciando modo de jogo: NEW GAME 1P
[2025-08-17 21:59:10,112] INFO - Iniciando Level1
[2025-08-17 21:59:10,113] INFO - Iniciando nível: Level1 com modo: NEW GAME 1P
[2025-08-17 21:59:10,113] INFO - Inicializando nível: Level1 com modo: NEW GAME 1P
[2025-08-17 21:59:10,131] DEBUG - Adicionando jogadores ao nível Level1
[2025-08-17 21:59:10,131] DEBUG - Jogador 1 adicionado com pontuação: 0 e saúde: 300
[2025-08-17 21:59:10,131] DEBUG - Nível Level1 inicializado com sucesso
[2025-08-17 21:59:10,131] DEBUG - Configurando música para o nível Level1
[2025-08-17 21:59:10,131] DEBUG - Música padrão de nível carregada
[2025-08-17 21:59:10,131] INFO - Iniciando execução do nível Level1
[2025-08-17 21:59:12,241] DEBUG - Criando inimigo do tipo Ship_Enemy2
[2025-08-17 21:59:14,334] DEBUG - Criando inimigo do tipo Ship_Enemy1
[2025-08-17 21:59:16,448] DEBUG - Criando inimigo do tipo Ship_Enemy1
[2025-08-17 21:59:18,550] DEBUG - Criando inimigo do tipo Ship_Enemy1
[2025-08-17 21:59:20,638] DEBUG - Criando inimigo do tipo Ship_Enemy1
[2025-08-17 21:59:22,748] DEBUG - Criando inimigo do tipo Ship_Enemy2
[2025-08-17 21:59:24,839] DEBUG - Criando inimigo do tipo Ship_Enemy1
[2025-08-17 21:59:26,943] DEBUG - Criando inimigo do tipo Ship_Enemy1
[2025-08-17 21:59:29,040] DEBUG - Criando inimigo do tipo Ship_Enemy2
[2025-08-17 21:59:31,150] DEBUG - Criando inimigo do tipo Ship_Enemy1
[2025-08-17 21:59:33,253] DEBUG - Criando inimigo do tipo Ship_Enemy2
[2025-08-17 21:59:35,262] INFO - Tempo esgotado no nível Level1
[2025-08-17 21:59:35,263] DEBUG - Salvando dados dos jogadores
[2025-08-17 21:59:35,263] DEBUG - Dados do Jogador 1 salvos: score=1400, health=250
[2025-08-17 21:59:35,263] INFO - Nível Level1 finalizado com resultado: True
[2025-08-17 21:59:35,263] INFO - Nível Level1 finalizado com resultado: True
[2025-08-17 21:59:35,263] INFO - Level1 concluído com sucesso, avançando para Level2
[2025-08-17 21:59:35,263] INFO - Exibindo tela de transição: assets/tela_2_fase.png
[2025-08-17 21:59:38,298] DEBUG - Tela de transição concluída
[2025-08-17 21:59:38,298] INFO - Iniciando nível: Level2 com modo: NEW GAME 1P
[2025-08-17 21:59:38,298] INFO - Inicializando nível: Level2 com modo: NEW GAME 1P
[2025-08-17 21:59:38,321] DEBUG - Adicionando jogadores ao nível Level2
[2025-08-17 21:59:38,321] DEBUG - Jogador 1 adicionado com pontuação: 1400 e saúde: 250
[2025-08-17 21:59:38,321] DEBUG - Nível Level2 inicializado com sucesso
[2025-08-17 21:59:38,321] DEBUG - Configurando música para o nível Level2
[2025-08-17 21:59:38,322] DEBUG - Música padrão de nível carregada
[2025-08-17 21:59:38,322] INFO - Iniciando execução do nível Level2
[2025-08-17 21:59:38,325] DEBUG - Criando inimigo do tipo Ship_Enemy2
[2025-08-17 21:59:38,334] DEBUG - Criando inimigo do tipo Ship_Enemy1
[2025-08-17 21:59:39,435] DEBUG - Criando inimigo do tipo Ship_Enemy2
[2025-08-17 21:59:40,537] DEBUG - Criando inimigo do tipo Ship_Enemy1
[2025-08-17 21:59:41,637] DEBUG - Criando inimigo do tipo Ship_Enemy1
[2025-08-17 21:59:42,737] DEBUG - Criando inimigo do tipo Ship_Enemy2
[2025-08-17 21:59:43,836] DEBUG - Criando inimigo do tipo Ship_Enemy2
[2025-08-17 21:59:44,938] DEBUG - Criando inimigo do tipo Ship_Enemy1
[2025-08-17 21:59:46,039] DEBUG - Criando inimigo do tipo Ship_Enemy2
[2025-08-17 21:59:47,130] DEBUG - Criando inimigo do tipo Ship_Enemy1
[2025-08-17 21:59:48,238] DEBUG - Criando inimigo do tipo Ship_Enemy2
[2025-08-17 21:59:49,335] DEBUG - Criando inimigo do tipo Ship_Enemy1
[2025-08-17 21:59:50,435] DEBUG - Criando inimigo do tipo Ship_Enemy2
[2025-08-17 21:59:51,533] DEBUG - Criando inimigo do tipo Ship_Enemy1
[2025-08-17 21:59:52,632] DEBUG - Criando inimigo do tipo Ship_Enemy1
[2025-08-17 21:59:53,739] DEBUG - Criando inimigo do tipo Ship_Enemy1
[2025-08-17 21:59:54,832] DEBUG - Criando inimigo do tipo Ship_Enemy1
[2025-08-17 21:59:55,933] DEBUG - Criando inimigo do tipo Ship_Enemy1
[2025-08-17 21:59:57,031] DEBUG - Criando inimigo do tipo Ship_Enemy1
[2025-08-17 21:59:57,547] INFO - Todos os jogadores foram derrotados
[2025-08-17 21:59:57,547] DEBUG - Salvando dados dos jogadores
[2025-08-17 21:59:57,547] INFO - Nível Level2 finalizado com resultado: game_over
[2025-08-17 21:59:57,548] INFO - Nível Level2 finalizado com resultado: game_over
[2025-08-17 21:59:57,548] INFO - Jogador foi derrotado
[2025-08-17 21:59:57,548] INFO - Derrota no Level2, jogo finalizado
[2025-08-17 21:59:57,549] INFO - Exibindo tela de transição: assets/tela_gameOver.png
[2025-08-17 22:00:00,593] DEBUG - Tela de transição concluída
[2025-08-17 22:00:00,593] DEBUG - Exibindo menu principal
[2025-08-17 22:00:00,593] INFO - Inicializando Menu
[2025-08-17 22:00:00,596] DEBUG - Carregando imagem de fundo do menu
[2025-08-17 22:00:00,630] INFO - Menu inicializado com sucesso
[2025-08-17 22:00:00,631] INFO - Iniciando loop do menu
[2025-08-17 22:00:01,379] DEBUG - Opção selecionada: NEW GAME 2P - COOPERATIVE
[2025-08-17 22:00:01,580] DEBUG - Opção selecionada: NEW GAME 2P - COMPETITIVE
[2025-08-17 22:00:01,746] DEBUG - Opção selecionada: SCORE
[2025-08-17 22:00:01,910] DEBUG - Opção selecionada: EXIT
[2025-08-17 22:00:03,762] INFO - Opção confirmada: EXIT
[2025-08-17 22:00:03,762] INFO - Jogador selecionou sair do jogo
[2025-08-17 22:00:03,849] INFO - Encerrando o jogo
