[19-08-2025 08:54] DEBUG - Logger initialized
[19-08-2025 08:54] INFO - Iniciando o jogo SkyFighters...
[19-08-2025 08:54] INFO - Inicializando a classe Game...
[19-08-2025 08:54] INFO - Inicializando sistema de pontuação
[19-08-2025 08:54] DEBUG - Sistema de pontuação inicializado com sucesso
[19-08-2025 08:54] INFO - Classe Game inicializada com sucesso...
[19-08-2025 08:54] INFO - Jogo inicializado com sucesso...
[19-08-2025 08:54] INFO - Iniciando o loop principal do jogo
[19-08-2025 08:54] DEBUG - Exibindo menu principal na tela
[19-08-2025 08:54] INFO - Inicializando Menu
[19-08-2025 08:54] DEBUG - Carregando imagem de fundo do menu
[19-08-2025 08:54] INFO - Menu inicializado com sucesso
[19-08-2025 08:54] INFO - Iniciando loop do menu
[19-08-2025 08:54] DEBUG - Opção selecionada: NEW GAME 2P - COOPERATIVE
[19-08-2025 08:54] DEBUG - Opção selecionada: NEW GAME 2P - COMPETITIVE
[19-08-2025 08:54] DEBUG - Opção selecionada: SCORE
[19-08-2025 08:54] DEBUG - Opção selecionada: EXIT
[19-08-2025 08:54] INFO - Opção confirmada: EXIT
[19-08-2025 08:54] INFO - Saindo do jogo
[19-08-2025 08:54] INFO - Encerrando o jogo...
