[2025-08-18 06:41:18,008] DEBUG - Logger initialized
[2025-08-18 06:41:18,008] INFO - Iniciando o jogo SkyFighters...
[2025-08-18 06:41:18,008] INFO - Inicializando classe Game
[2025-08-18 06:41:18,327] INFO - Inicializando sistema de pontuação
[2025-08-18 06:41:18,361] DEBUG - Sistema de pontuação inicializado com sucesso
[2025-08-18 06:41:18,361] INFO - Classe Game inicializada com sucesso
[2025-08-18 06:41:18,361] INFO - Jogo inicializado com sucesso...
[2025-08-18 06:41:18,361] INFO - Iniciando loop principal do jogo
[2025-08-18 06:41:18,361] DEBUG - Exibindo menu principal
[2025-08-18 06:41:18,362] INFO - Inicializando Menu
[2025-08-18 06:41:18,366] DEBUG - Carregando imagem de fundo do menu
[2025-08-18 06:41:18,401] INFO - Menu inicializado com sucesso
[2025-08-18 06:41:18,402] INFO - Iniciando loop do menu
[2025-08-18 06:41:20,143] INFO - Opção confirmada: NEW GAME 1P
[2025-08-18 06:41:20,143] INFO - Jogador selecionou modo: NEW GAME 1P
[2025-08-18 06:41:20,143] INFO - Gerenciando modo de jogo: NEW GAME 1P
[2025-08-18 06:41:20,143] INFO - Iniciando Level1
[2025-08-18 06:41:20,143] INFO - Iniciando nível: Level1 com modo: NEW GAME 1P
[2025-08-18 06:41:20,143] INFO - Inicializando nível: Level1 com modo: NEW GAME 1P
[2025-08-18 06:41:20,163] DEBUG - Adicionando jogadores ao nível Level1
[2025-08-18 06:41:20,163] DEBUG - Jogador 1 adicionado com pontuação: 0 e saúde: 300
[2025-08-18 06:41:20,163] DEBUG - Nível Level1 inicializado com sucesso
[2025-08-18 06:41:20,164] DEBUG - Configurando música para o nível Level1
[2025-08-18 06:41:20,164] DEBUG - Música padrão de nível carregada
[2025-08-18 06:41:20,164] INFO - Iniciando execução do nível Level1
[2025-08-18 06:41:22,268] DEBUG - Criando inimigo do tipo Ship_Enemy1
[2025-08-18 06:41:24,368] DEBUG - Criando inimigo do tipo Ship_Enemy2
[2025-08-18 06:41:26,478] DEBUG - Criando inimigo do tipo Ship_Enemy1
[2025-08-18 06:41:28,581] DEBUG - Criando inimigo do tipo Ship_Enemy2
[2025-08-18 06:41:30,675] DEBUG - Criando inimigo do tipo Ship_Enemy1
[2025-08-18 06:41:32,776] DEBUG - Criando inimigo do tipo Ship_Enemy1
[2025-08-18 06:41:34,875] DEBUG - Criando inimigo do tipo Ship_Enemy1
[2025-08-18 06:41:35,242] INFO - Tempo esgotado no nível Level1
[2025-08-18 06:41:35,243] DEBUG - Salvando dados dos jogadores
[2025-08-18 06:41:35,243] DEBUG - Dados do Jogador 1 salvos: score=600, health=300
[2025-08-18 06:41:35,243] INFO - Nível Level1 finalizado com resultado: True
[2025-08-18 06:41:35,243] INFO - Nível Level1 finalizado com resultado: True
[2025-08-18 06:41:35,243] INFO - Level1 concluído com sucesso, avançando para Level2
[2025-08-18 06:41:35,243] INFO - Exibindo tela de transição: assets/tela_2_fase.png
[2025-08-18 06:41:38,278] DEBUG - Tela de transição concluída
[2025-08-18 06:41:38,278] INFO - Iniciando nível: Level2 com modo: NEW GAME 1P
[2025-08-18 06:41:38,278] INFO - Inicializando nível: Level2 com modo: NEW GAME 1P
[2025-08-18 06:41:38,302] DEBUG - Adicionando jogadores ao nível Level2
[2025-08-18 06:41:38,303] DEBUG - Jogador 1 adicionado com pontuação: 600 e saúde: 300
[2025-08-18 06:41:38,303] DEBUG - Nível Level2 inicializado com sucesso
[2025-08-18 06:41:38,303] DEBUG - Configurando música para o nível Level2
[2025-08-18 06:41:38,303] DEBUG - Música padrão de nível carregada
[2025-08-18 06:41:38,303] INFO - Iniciando execução do nível Level2
[2025-08-18 06:41:38,306] DEBUG - Criando inimigo do tipo Ship_Enemy2
[2025-08-18 06:41:39,420] DEBUG - Criando inimigo do tipo Ship_Enemy1
[2025-08-18 06:41:40,510] DEBUG - Criando inimigo do tipo Ship_Enemy1
[2025-08-18 06:41:41,609] DEBUG - Criando inimigo do tipo Ship_Enemy1
[2025-08-18 06:41:42,709] DEBUG - Criando inimigo do tipo Ship_Enemy1
[2025-08-18 06:41:43,812] DEBUG - Criando inimigo do tipo Ship_Enemy2
[2025-08-18 06:41:44,909] DEBUG - Criando inimigo do tipo Ship_Enemy2
[2025-08-18 06:41:46,014] DEBUG - Criando inimigo do tipo Ship_Enemy2
[2025-08-18 06:41:47,123] DEBUG - Criando inimigo do tipo Ship_Enemy2
[2025-08-18 06:41:48,225] DEBUG - Criando inimigo do tipo Ship_Enemy1
[2025-08-18 06:41:48,855] INFO - Todos os jogadores foram derrotados
[2025-08-18 06:41:48,856] DEBUG - Salvando dados dos jogadores
[2025-08-18 06:41:48,856] INFO - Nível Level2 finalizado com resultado: game_over
[2025-08-18 06:41:48,856] INFO - Nível Level2 finalizado com resultado: game_over
[2025-08-18 06:41:48,856] INFO - Jogador foi derrotado
[2025-08-18 06:41:48,856] INFO - Derrota no Level2, jogo finalizado
[2025-08-18 06:41:48,856] INFO - Exibindo tela de transição: assets/tela_gameOver.png
[2025-08-18 06:41:51,901] DEBUG - Tela de transição concluída
[2025-08-18 06:41:51,901] DEBUG - Exibindo menu principal
[2025-08-18 06:41:51,901] INFO - Inicializando Menu
[2025-08-18 06:41:51,903] DEBUG - Carregando imagem de fundo do menu
[2025-08-18 06:41:51,940] INFO - Menu inicializado com sucesso
[2025-08-18 06:41:51,940] INFO - Iniciando loop do menu
[2025-08-18 06:41:52,517] DEBUG - Opção selecionada: NEW GAME 2P - COOPERATIVE
[2025-08-18 06:41:53,034] DEBUG - Opção selecionada: NEW GAME 1P
[2025-08-18 06:41:53,635] INFO - Opção confirmada: NEW GAME 1P
[2025-08-18 06:41:53,635] INFO - Jogador selecionou modo: NEW GAME 1P
[2025-08-18 06:41:53,635] INFO - Gerenciando modo de jogo: NEW GAME 1P
[2025-08-18 06:41:53,635] INFO - Iniciando Level1
[2025-08-18 06:41:53,635] INFO - Iniciando nível: Level1 com modo: NEW GAME 1P
[2025-08-18 06:41:53,635] INFO - Inicializando nível: Level1 com modo: NEW GAME 1P
[2025-08-18 06:41:53,654] DEBUG - Adicionando jogadores ao nível Level1
[2025-08-18 06:41:53,655] DEBUG - Jogador 1 adicionado com pontuação: 0 e saúde: 300
[2025-08-18 06:41:53,655] DEBUG - Nível Level1 inicializado com sucesso
[2025-08-18 06:41:53,655] DEBUG - Configurando música para o nível Level1
[2025-08-18 06:41:53,655] DEBUG - Música padrão de nível carregada
[2025-08-18 06:41:53,655] INFO - Iniciando execução do nível Level1
[2025-08-18 06:41:55,765] DEBUG - Criando inimigo do tipo Ship_Enemy2
[2025-08-18 06:41:57,856] DEBUG - Criando inimigo do tipo Ship_Enemy1
[2025-08-18 06:41:59,974] DEBUG - Criando inimigo do tipo Ship_Enemy1
[2025-08-18 06:42:02,066] DEBUG - Criando inimigo do tipo Ship_Enemy1
[2025-08-18 06:42:04,172] DEBUG - Criando inimigo do tipo Ship_Enemy1
[2025-08-18 06:42:06,270] DEBUG - Criando inimigo do tipo Ship_Enemy1
[2025-08-18 06:42:08,368] DEBUG - Criando inimigo do tipo Ship_Enemy2
[2025-08-18 06:42:08,733] INFO - Tempo esgotado no nível Level1
[2025-08-18 06:42:08,733] DEBUG - Salvando dados dos jogadores
[2025-08-18 06:42:08,733] DEBUG - Dados do Jogador 1 salvos: score=600, health=300
[2025-08-18 06:42:08,733] INFO - Nível Level1 finalizado com resultado: True
[2025-08-18 06:42:08,733] INFO - Nível Level1 finalizado com resultado: True
[2025-08-18 06:42:08,734] INFO - Level1 concluído com sucesso, avançando para Level2
[2025-08-18 06:42:08,734] INFO - Exibindo tela de transição: assets/tela_2_fase.png
[2025-08-18 06:42:11,768] DEBUG - Tela de transição concluída
[2025-08-18 06:42:11,768] INFO - Iniciando nível: Level2 com modo: NEW GAME 1P
[2025-08-18 06:42:11,768] INFO - Inicializando nível: Level2 com modo: NEW GAME 1P
[2025-08-18 06:42:11,792] DEBUG - Adicionando jogadores ao nível Level2
[2025-08-18 06:42:11,793] DEBUG - Jogador 1 adicionado com pontuação: 600 e saúde: 300
[2025-08-18 06:42:11,793] DEBUG - Nível Level2 inicializado com sucesso
[2025-08-18 06:42:11,793] DEBUG - Configurando música para o nível Level2
[2025-08-18 06:42:11,793] DEBUG - Música padrão de nível carregada
[2025-08-18 06:42:11,793] INFO - Iniciando execução do nível Level2
[2025-08-18 06:42:11,797] DEBUG - Criando inimigo do tipo Ship_Enemy2
[2025-08-18 06:42:12,903] DEBUG - Criando inimigo do tipo Ship_Enemy1
[2025-08-18 06:42:14,002] DEBUG - Criando inimigo do tipo Ship_Enemy2
[2025-08-18 06:42:15,106] DEBUG - Criando inimigo do tipo Ship_Enemy1
[2025-08-18 06:42:16,203] DEBUG - Criando inimigo do tipo Ship_Enemy1
[2025-08-18 06:42:17,306] DEBUG - Criando inimigo do tipo Ship_Enemy1
[2025-08-18 06:42:18,399] DEBUG - Criando inimigo do tipo Ship_Enemy2
[2025-08-18 06:42:19,499] DEBUG - Criando inimigo do tipo Ship_Enemy1
[2025-08-18 06:42:20,605] DEBUG - Criando inimigo do tipo Ship_Enemy2
[2025-08-18 06:42:21,714] DEBUG - Criando inimigo do tipo Ship_Enemy2
[2025-08-18 06:42:22,811] DEBUG - Criando inimigo do tipo Ship_Enemy1
[2025-08-18 06:42:23,913] DEBUG - Criando inimigo do tipo Ship_Enemy1
[2025-08-18 06:42:25,016] DEBUG - Criando inimigo do tipo Ship_Enemy2
[2025-08-18 06:42:26,102] DEBUG - Criando inimigo do tipo Ship_Enemy2
[2025-08-18 06:42:27,215] DEBUG - Criando inimigo do tipo Ship_Enemy2
[2025-08-18 06:42:28,304] DEBUG - Criando inimigo do tipo Ship_Enemy1
[2025-08-18 06:42:29,417] DEBUG - Criando inimigo do tipo Ship_Enemy1
[2025-08-18 06:42:30,504] DEBUG - Criando inimigo do tipo Ship_Enemy2
[2025-08-18 06:42:31,611] DEBUG - Criando inimigo do tipo Ship_Enemy1
[2025-08-18 06:42:31,895] INFO - Tempo esgotado no nível Level2
[2025-08-18 06:42:31,895] DEBUG - Salvando dados dos jogadores
[2025-08-18 06:42:31,895] DEBUG - Dados do Jogador 1 salvos: score=2500, health=190
[2025-08-18 06:42:31,895] INFO - Nível Level2 finalizado com resultado: True
[2025-08-18 06:42:31,895] INFO - Nível Level2 finalizado com resultado: True
[2025-08-18 06:42:31,895] INFO - Level2 concluído com sucesso, avançando para Level3
[2025-08-18 06:42:31,895] INFO - Exibindo tela de transição: assets/tela_3_fase.png
[2025-08-18 06:42:34,926] DEBUG - Tela de transição concluída
[2025-08-18 06:42:34,926] INFO - Iniciando nível: Level3 com modo: NEW GAME 1P
[2025-08-18 06:42:34,926] INFO - Inicializando nível: Level3 com modo: NEW GAME 1P
[2025-08-18 06:42:34,943] DEBUG - Adicionando jogadores ao nível Level3
[2025-08-18 06:42:34,943] DEBUG - Jogador 1 adicionado com pontuação: 2500 e saúde: 190
[2025-08-18 06:42:34,944] DEBUG - Nível Level3 inicializado com sucesso
[2025-08-18 06:42:34,944] DEBUG - Configurando música para o nível Level3
[2025-08-18 06:42:34,945] DEBUG - Música do Boss carregada
[2025-08-18 06:42:34,945] INFO - Iniciando execução do nível Level3
[2025-08-18 06:42:50,587] INFO - Boss derrotado! Vitória alcançada
[2025-08-18 06:42:50,587] DEBUG - Salvando dados dos jogadores
[2025-08-18 06:42:50,587] DEBUG - Dados do Jogador 1 salvos: score=3000, health=70
[2025-08-18 06:42:50,587] INFO - Nível Level3 finalizado com resultado: victory
[2025-08-18 06:42:50,587] INFO - Nível Level3 finalizado com resultado: victory
[2025-08-18 06:42:50,587] INFO - Jogador venceu o nível
[2025-08-18 06:42:50,587] INFO - Level3 concluído com sucesso, jogo finalizado com vitória
[2025-08-18 06:42:50,587] INFO - Exibindo tela de transição: assets/tela_vitoria.png
[2025-08-18 06:42:53,631] DEBUG - Tela de transição concluída
[2025-08-18 06:42:53,631] INFO - Salvando pontuação: modo=NEW GAME 1P, pontuação=[3000, 0, 70, 0]
[2025-08-18 06:42:58,509] INFO - Exibindo tela de pontuações
[2025-08-18 06:43:01,665] DEBUG - Exibindo menu principal
[2025-08-18 06:43:01,665] INFO - Inicializando Menu
[2025-08-18 06:43:01,666] DEBUG - Carregando imagem de fundo do menu
[2025-08-18 06:43:01,702] INFO - Menu inicializado com sucesso
[2025-08-18 06:43:01,702] INFO - Iniciando loop do menu
[2025-08-18 06:43:02,242] DEBUG - Opção selecionada: NEW GAME 2P - COOPERATIVE
[2025-08-18 06:43:02,407] DEBUG - Opção selecionada: NEW GAME 2P - COMPETITIVE
[2025-08-18 06:43:02,540] DEBUG - Opção selecionada: SCORE
[2025-08-18 06:43:02,690] DEBUG - Opção selecionada: EXIT
[2025-08-18 06:43:03,726] INFO - Opção confirmada: EXIT
[2025-08-18 06:43:03,726] INFO - Jogador selecionou sair do jogo
[2025-08-18 06:43:03,812] INFO - Encerrando o jogo...
