[2025-08-19 08:02:51,734] DEBUG - Logger initialized
[2025-08-19 08:02:51,734] INFO - Iniciando o jogo SkyFighters...
[2025-08-19 08:02:51,734] INFO - Inicializando a classe Game...
[2025-08-19 08:02:52,277] INFO - Inicializando sistema de pontuação
[2025-08-19 08:02:52,312] DEBUG - Sistema de pontuação inicializado com sucesso
[2025-08-19 08:02:52,312] INFO - Classe Game inicializada com sucesso...
[2025-08-19 08:02:52,312] INFO - Jogo inicializado com sucesso...
[2025-08-19 08:02:52,312] INFO - Iniciando o loop principal do jogo
[2025-08-19 08:02:52,312] DEBUG - Exibindo menu principal na tela
[2025-08-19 08:02:52,312] INFO - Inicializando Menu
[2025-08-19 08:02:52,316] DEBUG - Carregando imagem de fundo do menu
[2025-08-19 08:02:52,354] INFO - Menu inicializado com sucesso
[2025-08-19 08:02:52,354] INFO - Iniciando loop do menu
[2025-08-19 08:02:54,651] INFO - Opção confirmada: NEW GAME 1P
[2025-08-19 08:02:54,651] INFO - Jogador selecionou o modo: NEW GAME 1P
[2025-08-19 08:02:54,651] INFO - Gerenciando modo de jogo: NEW GAME 1P
[2025-08-19 08:02:54,651] INFO - Iniciando Level1
[2025-08-19 08:02:54,651] INFO - Iniciando nível: Level1 com modo: NEW GAME 1P
[2025-08-19 08:02:54,651] INFO - Inicializando nível: Level1 com modo: NEW GAME 1P
[2025-08-19 08:02:54,672] DEBUG - Adicionando jogadores ao nível Level1
[2025-08-19 08:02:54,673] DEBUG - Jogador 1 adicionado com pontuação: 0 e saúde: 300
[2025-08-19 08:02:54,673] DEBUG - Nível Level1 inicializado com sucesso
[2025-08-19 08:02:54,673] DEBUG - Configurando música para o nível Level1
[2025-08-19 08:02:54,674] DEBUG - Música padrão de nível carregada
[2025-08-19 08:02:54,675] INFO - Iniciando execução do nível Level1
[2025-08-19 08:02:56,779] DEBUG - Criando inimigo do tipo Ship_Enemy2
[2025-08-19 08:02:58,884] DEBUG - Criando inimigo do tipo Ship_Enemy1
[2025-08-19 08:03:00,976] DEBUG - Criando inimigo do tipo Ship_Enemy1
[2025-08-19 08:03:03,078] DEBUG - Criando inimigo do tipo Ship_Enemy2
[2025-08-19 08:03:05,188] DEBUG - Criando inimigo do tipo Ship_Enemy2
[2025-08-19 08:03:07,285] DEBUG - Criando inimigo do tipo Ship_Enemy2
[2025-08-19 08:03:09,387] DEBUG - Criando inimigo do tipo Ship_Enemy1
[2025-08-19 08:03:09,753] INFO - Tempo esgotado no nível Level1
[2025-08-19 08:03:09,753] DEBUG - Salvando dados dos jogadores
[2025-08-19 08:03:09,753] DEBUG - Dados do Jogador 1 salvos: score=800, health=200
[2025-08-19 08:03:09,753] INFO - Nível Level1 finalizado com resultado: True
[2025-08-19 08:03:09,753] INFO - Nível Level1 finalizado com resultado: True
[2025-08-19 08:03:09,754] INFO - Level 1 concluído com sucesso
[2025-08-19 08:03:09,754] INFO - Exibindo tela de transição: assets/tela_2_fase.png
[2025-08-19 08:03:12,790] DEBUG - Tela de transição concluída
[2025-08-19 08:03:12,791] INFO - Iniciando nível: Level2 com modo: NEW GAME 1P
[2025-08-19 08:03:12,791] INFO - Inicializando nível: Level2 com modo: NEW GAME 1P
[2025-08-19 08:03:12,819] DEBUG - Adicionando jogadores ao nível Level2
[2025-08-19 08:03:12,819] DEBUG - Jogador 1 adicionado com pontuação: 800 e saúde: 200
[2025-08-19 08:03:12,819] DEBUG - Nível Level2 inicializado com sucesso
[2025-08-19 08:03:12,819] DEBUG - Configurando música para o nível Level2
[2025-08-19 08:03:12,819] DEBUG - Música padrão de nível carregada
[2025-08-19 08:03:12,819] INFO - Iniciando execução do nível Level2
[2025-08-19 08:03:12,822] DEBUG - Criando inimigo do tipo Ship_Enemy1
[2025-08-19 08:03:13,936] DEBUG - Criando inimigo do tipo Ship_Enemy1
[2025-08-19 08:03:15,034] DEBUG - Criando inimigo do tipo Ship_Enemy1
[2025-08-19 08:03:16,134] DEBUG - Criando inimigo do tipo Ship_Enemy2
[2025-08-19 08:03:17,222] DEBUG - Criando inimigo do tipo Ship_Enemy2
[2025-08-19 08:03:18,335] DEBUG - Criando inimigo do tipo Ship_Enemy2
[2025-08-19 08:03:19,435] DEBUG - Criando inimigo do tipo Ship_Enemy2
[2025-08-19 08:03:20,525] DEBUG - Criando inimigo do tipo Ship_Enemy1
[2025-08-19 08:03:21,633] DEBUG - Criando inimigo do tipo Ship_Enemy1
[2025-08-19 08:03:22,740] DEBUG - Criando inimigo do tipo Ship_Enemy1
[2025-08-19 08:03:23,830] DEBUG - Criando inimigo do tipo Ship_Enemy2
[2025-08-19 08:03:24,937] DEBUG - Criando inimigo do tipo Ship_Enemy1
[2025-08-19 08:03:26,030] DEBUG - Criando inimigo do tipo Ship_Enemy1
[2025-08-19 08:03:27,135] DEBUG - Criando inimigo do tipo Ship_Enemy2
[2025-08-19 08:03:28,228] DEBUG - Criando inimigo do tipo Ship_Enemy1
[2025-08-19 08:03:29,335] DEBUG - Criando inimigo do tipo Ship_Enemy1
[2025-08-19 08:03:30,445] DEBUG - Criando inimigo do tipo Ship_Enemy1
[2025-08-19 08:03:31,547] DEBUG - Criando inimigo do tipo Ship_Enemy1
[2025-08-19 08:03:32,643] DEBUG - Criando inimigo do tipo Ship_Enemy1
[2025-08-19 08:03:32,926] INFO - Tempo esgotado no nível Level2
[2025-08-19 08:03:32,927] DEBUG - Salvando dados dos jogadores
[2025-08-19 08:03:32,927] DEBUG - Dados do Jogador 1 salvos: score=1600, health=60
[2025-08-19 08:03:32,927] INFO - Nível Level2 finalizado com resultado: True
[2025-08-19 08:03:32,927] INFO - Nível Level2 finalizado com resultado: True
[2025-08-19 08:03:32,927] INFO - Level 2 concluído com sucesso - Boss
[2025-08-19 08:03:32,927] INFO - Exibindo tela de transição: assets/tela_3_fase.png
[2025-08-19 08:03:35,956] DEBUG - Tela de transição concluída
[2025-08-19 08:03:35,957] INFO - Iniciando nível: Level3 com modo: NEW GAME 1P
[2025-08-19 08:03:35,957] INFO - Inicializando nível: Level3 com modo: NEW GAME 1P
[2025-08-19 08:03:35,972] DEBUG - Adicionando jogadores ao nível Level3
[2025-08-19 08:03:35,972] DEBUG - Jogador 1 adicionado com pontuação: 1600 e saúde: 60
[2025-08-19 08:03:35,974] DEBUG - Nível Level3 inicializado com sucesso
[2025-08-19 08:03:35,974] DEBUG - Configurando música para o nível Level3
[2025-08-19 08:03:35,975] DEBUG - Música do Boss carregada
[2025-08-19 08:03:35,975] INFO - Iniciando execução do nível Level3
[2025-08-19 08:03:39,539] INFO - Todos os jogadores foram derrotados
[2025-08-19 08:03:39,540] DEBUG - Salvando dados dos jogadores
[2025-08-19 08:03:39,540] INFO - Nível Level3 finalizado com resultado: game_over
[2025-08-19 08:03:39,540] INFO - Nível Level3 finalizado com resultado: game_over
[2025-08-19 08:03:39,540] INFO - Jogador foi derrotado
[2025-08-19 08:03:39,540] INFO - Derrota no Level 3, Player derrotado
[2025-08-19 08:03:39,540] INFO - Exibindo tela de transição: assets/tela_gameOver.png
[2025-08-19 08:03:42,583] DEBUG - Tela de transição concluída
[2025-08-19 08:03:42,584] DEBUG - Exibindo menu principal na tela
[2025-08-19 08:03:42,584] INFO - Inicializando Menu
[2025-08-19 08:03:42,586] DEBUG - Carregando imagem de fundo do menu
[2025-08-19 08:03:42,620] INFO - Menu inicializado com sucesso
[2025-08-19 08:03:42,620] INFO - Iniciando loop do menu
[2025-08-19 08:03:43,045] DEBUG - Opção selecionada: NEW GAME 2P - COOPERATIVE
[2025-08-19 08:03:43,243] DEBUG - Opção selecionada: NEW GAME 2P - COMPETITIVE
[2025-08-19 08:03:43,393] DEBUG - Opção selecionada: SCORE
[2025-08-19 08:03:43,558] DEBUG - Opção selecionada: EXIT
[2025-08-19 08:03:44,374] INFO - Opção confirmada: EXIT
[2025-08-19 08:03:44,375] INFO - Saindo do jogo
[2025-08-19 08:03:44,446] INFO - Encerrando o jogo...
