[2025-08-18 08:29:56,439] DEBUG - Logger initialized
[2025-08-18 08:29:56,439] INFO - Iniciando o jogo SkyFighters...
[2025-08-18 08:29:56,439] INFO - Inicializando a classe Game...
[2025-08-18 08:29:57,193] INFO - Inicializando sistema de pontuação
[2025-08-18 08:29:57,252] DEBUG - Sistema de pontuação inicializado com sucesso
[2025-08-18 08:29:57,252] INFO - Classe Game inicializada com sucesso...
[2025-08-18 08:29:57,252] INFO - Jogo inicializado com sucesso...
[2025-08-18 08:29:57,252] INFO - Iniciando o loop principal do jogo
[2025-08-18 08:29:57,252] DEBUG - Exibindo menu principal na tela
[2025-08-18 08:29:57,252] INFO - Inicializando Menu
[2025-08-18 08:29:57,254] DEBUG - Carregando imagem de fundo do menu
[2025-08-18 08:29:57,291] INFO - Menu inicializado com sucesso
[2025-08-18 08:29:57,291] INFO - Iniciando loop do menu
[2025-08-18 08:29:59,819] INFO - Opção confirmada: NEW GAME 1P
[2025-08-18 08:29:59,819] INFO - Jogador selecionou o modo: NEW GAME 1P
[2025-08-18 08:29:59,820] INFO - Gerenciando modo de jogo: NEW GAME 1P
[2025-08-18 08:29:59,820] INFO - Iniciando Level1
[2025-08-18 08:29:59,820] INFO - Iniciando nível: Level1 com modo: NEW GAME 1P
[2025-08-18 08:29:59,820] INFO - Inicializando nível: Level1 com modo: NEW GAME 1P
[2025-08-18 08:29:59,845] DEBUG - Adicionando jogadores ao nível Level1
[2025-08-18 08:29:59,846] DEBUG - Jogador 1 adicionado com pontuação: 0 e saúde: 300
[2025-08-18 08:29:59,846] DEBUG - Nível Level1 inicializado com sucesso
[2025-08-18 08:29:59,846] DEBUG - Configurando música para o nível Level1
[2025-08-18 08:29:59,847] DEBUG - Música padrão de nível carregada
[2025-08-18 08:29:59,847] INFO - Iniciando execução do nível Level1
[2025-08-18 08:30:01,952] DEBUG - Criando inimigo do tipo Ship_Enemy1
[2025-08-18 08:30:04,057] DEBUG - Criando inimigo do tipo Ship_Enemy2
[2025-08-18 08:30:06,159] DEBUG - Criando inimigo do tipo Ship_Enemy1
[2025-08-18 08:30:08,260] DEBUG - Criando inimigo do tipo Ship_Enemy2
[2025-08-18 08:30:10,359] DEBUG - Criando inimigo do tipo Ship_Enemy2
[2025-08-18 08:30:12,458] DEBUG - Criando inimigo do tipo Ship_Enemy2
[2025-08-18 08:30:14,558] DEBUG - Criando inimigo do tipo Ship_Enemy2
[2025-08-18 08:30:14,924] INFO - Tempo esgotado no nível Level1
[2025-08-18 08:30:14,925] DEBUG - Salvando dados dos jogadores
[2025-08-18 08:30:14,925] DEBUG - Dados do Jogador 1 salvos: score=800, health=150
[2025-08-18 08:30:14,925] INFO - Nível Level1 finalizado com resultado: True
[2025-08-18 08:30:14,925] INFO - Nível Level1 finalizado com resultado: True
[2025-08-18 08:30:14,925] INFO - Level 1 concluído com sucesso, avançando para Level2
[2025-08-18 08:30:14,925] INFO - Exibindo tela de transição: assets/tela_2_fase.png
[2025-08-18 08:30:17,971] DEBUG - Tela de transição concluída
[2025-08-18 08:30:17,971] INFO - Iniciando nível: Level2 com modo: NEW GAME 1P
[2025-08-18 08:30:17,971] INFO - Inicializando nível: Level2 com modo: NEW GAME 1P
[2025-08-18 08:30:17,999] DEBUG - Adicionando jogadores ao nível Level2
[2025-08-18 08:30:17,999] DEBUG - Jogador 1 adicionado com pontuação: 800 e saúde: 150
[2025-08-18 08:30:17,999] DEBUG - Nível Level2 inicializado com sucesso
[2025-08-18 08:30:17,999] DEBUG - Configurando música para o nível Level2
[2025-08-18 08:30:17,999] DEBUG - Música padrão de nível carregada
[2025-08-18 08:30:17,999] INFO - Iniciando execução do nível Level2
[2025-08-18 08:30:18,003] DEBUG - Criando inimigo do tipo Ship_Enemy1
[2025-08-18 08:30:19,104] DEBUG - Criando inimigo do tipo Ship_Enemy1
[2025-08-18 08:30:20,215] DEBUG - Criando inimigo do tipo Ship_Enemy1
[2025-08-18 08:30:21,317] DEBUG - Criando inimigo do tipo Ship_Enemy1
[2025-08-18 08:30:22,402] DEBUG - Criando inimigo do tipo Ship_Enemy2
[2025-08-18 08:30:23,504] DEBUG - Criando inimigo do tipo Ship_Enemy2
[2025-08-18 08:30:24,609] DEBUG - Criando inimigo do tipo Ship_Enemy1
[2025-08-18 08:30:25,716] DEBUG - Criando inimigo do tipo Ship_Enemy2
[2025-08-18 08:30:26,816] DEBUG - Criando inimigo do tipo Ship_Enemy2
[2025-08-18 08:30:27,913] DEBUG - Criando inimigo do tipo Ship_Enemy1
[2025-08-18 08:30:29,018] DEBUG - Criando inimigo do tipo Ship_Enemy2
[2025-08-18 08:30:30,118] DEBUG - Criando inimigo do tipo Ship_Enemy1
[2025-08-18 08:30:31,217] DEBUG - Criando inimigo do tipo Ship_Enemy1
[2025-08-18 08:30:32,305] DEBUG - Criando inimigo do tipo Ship_Enemy2
[2025-08-18 08:30:32,438] INFO - Todos os jogadores foram derrotados
[2025-08-18 08:30:32,438] DEBUG - Salvando dados dos jogadores
[2025-08-18 08:30:32,438] INFO - Nível Level2 finalizado com resultado: game_over
[2025-08-18 08:30:32,438] INFO - Nível Level2 finalizado com resultado: game_over
[2025-08-18 08:30:32,438] INFO - Jogador foi derrotado
[2025-08-18 08:30:32,439] INFO - Derrota no Level 2, jogo finalizado
[2025-08-18 08:30:32,439] INFO - Exibindo tela de transição: assets/tela_gameOver.png
[2025-08-18 08:30:35,496] DEBUG - Tela de transição concluída
[2025-08-18 08:30:35,496] DEBUG - Exibindo menu principal na tela
[2025-08-18 08:30:35,496] INFO - Inicializando Menu
[2025-08-18 08:30:35,500] DEBUG - Carregando imagem de fundo do menu
[2025-08-18 08:30:35,539] INFO - Menu inicializado com sucesso
[2025-08-18 08:30:35,539] INFO - Iniciando loop do menu
[2025-08-18 08:30:35,942] DEBUG - Opção selecionada: NEW GAME 2P - COOPERATIVE
[2025-08-18 08:30:36,111] DEBUG - Opção selecionada: NEW GAME 2P - COMPETITIVE
[2025-08-18 08:30:36,259] DEBUG - Opção selecionada: SCORE
[2025-08-18 08:30:36,393] DEBUG - Opção selecionada: EXIT
[2025-08-18 08:30:37,031] INFO - Opção confirmada: EXIT
[2025-08-18 08:30:37,031] INFO - Saindo do jogo
[2025-08-18 08:30:37,115] INFO - Encerrando o jogo...
