[2025-08-17 21:56:32,034] DEBUG - Logger initialized
[2025-08-17 21:56:32,035] INFO - Iniciando o jogo SkyFighters
[2025-08-17 21:56:32,035] INFO - Inicializando classe Game
[2025-08-17 21:56:32,635] INFO - Inicializando sistema de pontuação
[2025-08-17 21:56:32,669] DEBUG - Sistema de pontuação inicializado com sucesso
[2025-08-17 21:56:32,669] INFO - Classe Game inicializada com sucesso
[2025-08-17 21:56:32,669] INFO - Jogo inicializado com sucesso
[2025-08-17 21:56:32,669] INFO - Iniciando loop principal do jogo
[2025-08-17 21:56:32,669] DEBUG - Exibindo menu principal
[2025-08-17 21:56:32,670] INFO - Inicializando Menu
[2025-08-17 21:56:32,672] DEBUG - Carregando imagem de fundo do menu
[2025-08-17 21:56:32,707] INFO - Menu inicializado com sucesso
[2025-08-17 21:56:32,707] INFO - Iniciando loop do menu
[2025-08-17 21:56:34,530] DEBUG - Opção selecionada: NEW GAME 2P - COOPERATIVE
[2025-08-17 21:56:34,915] DEBUG - Opção selecionada: NEW GAME 2P - COMPETITIVE
[2025-08-17 21:56:35,079] DEBUG - Opção selecionada: SCORE
[2025-08-17 21:56:35,262] DEBUG - Opção selecionada: EXIT
[2025-08-17 21:56:35,690] DEBUG - Opção selecionada: SCORE
[2025-08-17 21:56:35,989] DEBUG - Opção selecionada: NEW GAME 2P - COMPETITIVE
[2025-08-17 21:56:36,158] DEBUG - Opção selecionada: NEW GAME 2P - COOPERATIVE
[2025-08-17 21:56:36,307] DEBUG - Opção selecionada: NEW GAME 1P
[2025-08-17 21:56:37,009] INFO - Opção confirmada: NEW GAME 1P
[2025-08-17 21:56:37,009] INFO - Jogador selecionou modo: NEW GAME 1P
[2025-08-17 21:56:37,009] INFO - Gerenciando modo de jogo: NEW GAME 1P
[2025-08-17 21:56:37,010] INFO - Iniciando Level1
[2025-08-17 21:56:37,010] INFO - Iniciando nível: Level1 com modo: NEW GAME 1P
[2025-08-17 21:56:37,010] INFO - Inicializando nível: Level1 com modo: NEW GAME 1P
[2025-08-17 21:56:37,029] DEBUG - Adicionando jogadores ao nível Level1
[2025-08-17 21:56:37,030] DEBUG - Jogador 1 adicionado com pontuação: 0 e saúde: 300
[2025-08-17 21:56:37,030] DEBUG - Nível Level1 inicializado com sucesso
[2025-08-17 21:56:37,030] DEBUG - Configurando música para o nível Level1
[2025-08-17 21:56:37,031] DEBUG - Música padrão de nível carregada
[2025-08-17 21:56:37,031] INFO - Iniciando execução do nível Level1
[2025-08-17 21:56:39,131] DEBUG - Criando inimigo do tipo Ship_Enemy1
[2025-08-17 21:56:41,234] DEBUG - Criando inimigo do tipo Ship_Enemy1
[2025-08-17 21:56:43,348] DEBUG - Criando inimigo do tipo Ship_Enemy1
[2025-08-17 21:56:45,439] DEBUG - Criando inimigo do tipo Ship_Enemy1
[2025-08-17 21:56:47,539] DEBUG - Criando inimigo do tipo Ship_Enemy1
[2025-08-17 21:56:49,645] DEBUG - Criando inimigo do tipo Ship_Enemy1
[2025-08-17 21:56:51,745] DEBUG - Criando inimigo do tipo Ship_Enemy1
[2025-08-17 21:56:53,841] DEBUG - Criando inimigo do tipo Ship_Enemy1
[2025-08-17 21:56:55,947] DEBUG - Criando inimigo do tipo Ship_Enemy1
[2025-08-17 21:56:58,043] DEBUG - Criando inimigo do tipo Ship_Enemy2
[2025-08-17 21:57:00,143] DEBUG - Criando inimigo do tipo Ship_Enemy1
[2025-08-17 21:57:02,160] INFO - Tempo esgotado no nível Level1
[2025-08-17 21:57:02,161] CRITICAL - Erro fatal: name 'player_score' is not defined
[2025-08-17 21:57:02,161] INFO - Encerrando o jogo
