[2025-08-17 22:09:59,382] DEBUG - Logger initialized
[2025-08-17 22:09:59,382] INFO - Iniciando o jogo SkyFighters
[2025-08-17 22:09:59,382] INFO - Inicializando classe Game
[2025-08-17 22:09:59,955] INFO - Inicializando sistema de pontuação
[2025-08-17 22:09:59,991] DEBUG - Sistema de pontuação inicializado com sucesso
[2025-08-17 22:09:59,991] INFO - Classe Game inicializada com sucesso
[2025-08-17 22:09:59,992] INFO - Jogo inicializado com sucesso
[2025-08-17 22:09:59,992] INFO - Iniciando loop principal do jogo
[2025-08-17 22:09:59,992] DEBUG - Exibindo menu principal
[2025-08-17 22:09:59,992] INFO - Inicializando Menu
[2025-08-17 22:09:59,994] DEBUG - Carregando imagem de fundo do menu
[2025-08-17 22:10:00,035] INFO - Menu inicializado com sucesso
[2025-08-17 22:10:00,036] INFO - Iniciando loop do menu
[2025-08-17 22:10:00,527] DEBUG - Opção selecionada: NEW GAME 2P - COOPERATIVE
[2025-08-17 22:10:00,969] DEBUG - Opção selecionada: NEW GAME 2P - COMPETITIVE
[2025-08-17 22:10:01,181] DEBUG - Opção selecionada: SCORE
[2025-08-17 22:10:02,100] INFO - Opção confirmada: SCORE
[2025-08-17 22:10:02,100] INFO - Jogador selecionou visualizar pontuações
[2025-08-17 22:10:02,101] INFO - Exibindo tela de pontuações
[2025-08-17 22:10:03,422] DEBUG - Exibindo menu principal
[2025-08-17 22:10:03,422] INFO - Inicializando Menu
[2025-08-17 22:10:03,423] DEBUG - Carregando imagem de fundo do menu
[2025-08-17 22:10:03,459] INFO - Menu inicializado com sucesso
[2025-08-17 22:10:03,459] INFO - Iniciando loop do menu
[2025-08-17 22:10:03,779] DEBUG - Opção selecionada: NEW GAME 2P - COOPERATIVE
[2025-08-17 22:10:03,995] DEBUG - Opção selecionada: NEW GAME 2P - COMPETITIVE
[2025-08-17 22:10:04,193] DEBUG - Opção selecionada: SCORE
[2025-08-17 22:10:04,342] DEBUG - Opção selecionada: EXIT
[2025-08-17 22:10:08,569] INFO - Opção confirmada: EXIT
[2025-08-17 22:10:08,569] INFO - Jogador selecionou sair do jogo
[2025-08-17 22:10:08,653] INFO - Encerrando o jogo
