[19-08-2025 08:55] DEBUG - Logger initialized
[19-08-2025 08:55] INFO - Iniciando o jogo SkyFighters...
[19-08-2025 08:55] INFO - Inicializando a classe Game...
[19-08-2025 08:55] INFO - Inicializando sistema de pontuação
[19-08-2025 08:55] DEBUG - Sistema de pontuação inicializado com sucesso
[19-08-2025 08:55] INFO - Classe Game inicializada com sucesso...
[19-08-2025 08:55] INFO - Jogo inicializado com sucesso...
[19-08-2025 08:55] INFO - Iniciando o loop principal do jogo
[19-08-2025 08:55] DEBUG - Exibindo menu principal na tela
[19-08-2025 08:55] INFO - Inicializando Menu
[19-08-2025 08:55] DEBUG - Carregando imagem de fundo do menu
[19-08-2025 08:55] INFO - Menu inicializado com sucesso
[19-08-2025 08:55] INFO - Iniciando loop do menu
[19-08-2025 08:55] DEBUG - Opção selecionada: NEW GAME 2P - COOPERATIVE
[19-08-2025 08:55] INFO - Opção confirmada: NEW GAME 2P - COOPERATIVE
[19-08-2025 08:55] INFO - Jogador selecionou o modo: NEW GAME 2P - COOPERATIVE
[19-08-2025 08:55] INFO - Gerenciando modo de jogo: NEW GAME 2P - COOPERATIVE
[19-08-2025 08:55] INFO - Iniciando Level1
[19-08-2025 08:55] INFO - Iniciando nível: Level1 com modo: NEW GAME 2P - COOPERATIVE
[19-08-2025 08:55] INFO - Inicializando nível: Level1 com modo: NEW GAME 2P - COOPERATIVE
[19-08-2025 08:55] DEBUG - Adicionando jogadores ao nível Level1
[19-08-2025 08:55] DEBUG - Jogador 1 adicionado com pontuação: 0 e saúde: 300
[19-08-2025 08:55] DEBUG - Jogador 2 adicionado com pontuação: 0 e saúde: 300
[19-08-2025 08:55] DEBUG - Nível Level1 inicializado com sucesso
[19-08-2025 08:55] DEBUG - Configurando música para o nível Level1
[19-08-2025 08:55] DEBUG - Música padrão de nível carregada
[19-08-2025 08:55] INFO - Iniciando execução do nível Level1
[19-08-2025 08:55] DEBUG - Criando inimigo do tipo Ship_Enemy1
[19-08-2025 08:55] DEBUG - Criando inimigo do tipo Ship_Enemy1
[19-08-2025 08:55] DEBUG - Criando inimigo do tipo Ship_Enemy1
[19-08-2025 08:55] DEBUG - Criando inimigo do tipo Ship_Enemy2
[19-08-2025 08:55] DEBUG - Criando inimigo do tipo Ship_Enemy1
[19-08-2025 08:55] DEBUG - Criando inimigo do tipo Ship_Enemy1
[19-08-2025 08:55] DEBUG - Criando inimigo do tipo Ship_Enemy2
[19-08-2025 08:55] INFO - Tempo esgotado no nível Level1
[19-08-2025 08:55] DEBUG - Salvando dados dos jogadores
[19-08-2025 08:55] DEBUG - Dados do Jogador 1 salvos: score=0, health=120
[19-08-2025 08:55] DEBUG - Dados do Jogador 2 salvos: score=0, health=210
[19-08-2025 08:55] INFO - Nível Level1 finalizado com resultado: True
[19-08-2025 08:55] INFO - Nível Level1 finalizado com resultado: True
[19-08-2025 08:55] INFO - Level 1 concluído com sucesso
[19-08-2025 08:55] INFO - Exibindo tela de transição: assets/tela_2_fase.png
[19-08-2025 08:55] DEBUG - Tela de transição concluída
[19-08-2025 08:55] INFO - Iniciando nível: Level2 com modo: NEW GAME 2P - COOPERATIVE
[19-08-2025 08:55] INFO - Inicializando nível: Level2 com modo: NEW GAME 2P - COOPERATIVE
[19-08-2025 08:55] DEBUG - Adicionando jogadores ao nível Level2
[19-08-2025 08:55] DEBUG - Jogador 1 adicionado com pontuação: 0 e saúde: 120
[19-08-2025 08:55] DEBUG - Jogador 2 adicionado com pontuação: 0 e saúde: 210
[19-08-2025 08:55] DEBUG - Nível Level2 inicializado com sucesso
[19-08-2025 08:55] DEBUG - Configurando música para o nível Level2
[19-08-2025 08:55] DEBUG - Música padrão de nível carregada
[19-08-2025 08:55] INFO - Iniciando execução do nível Level2
[19-08-2025 08:55] DEBUG - Criando inimigo do tipo Ship_Enemy2
[19-08-2025 08:55] DEBUG - Criando inimigo do tipo Ship_Enemy1
[19-08-2025 08:55] DEBUG - Criando inimigo do tipo Ship_Enemy1
[19-08-2025 08:55] DEBUG - Criando inimigo do tipo Ship_Enemy2
[19-08-2025 08:55] DEBUG - Criando inimigo do tipo Ship_Enemy1
[19-08-2025 08:55] DEBUG - Criando inimigo do tipo Ship_Enemy2
[19-08-2025 08:55] DEBUG - Criando inimigo do tipo Ship_Enemy1
[19-08-2025 08:55] DEBUG - Criando inimigo do tipo Ship_Enemy1
[19-08-2025 08:55] DEBUG - Criando inimigo do tipo Ship_Enemy1
[19-08-2025 08:55] DEBUG - Criando inimigo do tipo Ship_Enemy1
[19-08-2025 08:55] DEBUG - Criando inimigo do tipo Ship_Enemy2
[19-08-2025 08:55] DEBUG - Criando inimigo do tipo Ship_Enemy2
[19-08-2025 08:55] DEBUG - Criando inimigo do tipo Ship_Enemy1
[19-08-2025 08:55] DEBUG - Criando inimigo do tipo Ship_Enemy1
[19-08-2025 08:55] DEBUG - Criando inimigo do tipo Ship_Enemy2
[19-08-2025 08:55] DEBUG - Criando inimigo do tipo Ship_Enemy1
[19-08-2025 08:55] INFO - Todos os jogadores foram derrotados
[19-08-2025 08:55] DEBUG - Salvando dados dos jogadores
[19-08-2025 08:55] INFO - Nível Level2 finalizado com resultado: game_over
[19-08-2025 08:55] INFO - Nível Level2 finalizado com resultado: game_over
[19-08-2025 08:55] INFO - Jogador foi derrotado
[19-08-2025 08:55] INFO - Derrota no Level 2, jogo finalizado
[19-08-2025 08:55] INFO - Exibindo tela de transição: assets/tela_gameOver.png
[19-08-2025 08:55] DEBUG - Tela de transição concluída
[19-08-2025 08:55] DEBUG - Exibindo menu principal na tela
[19-08-2025 08:55] INFO - Inicializando Menu
[19-08-2025 08:55] DEBUG - Carregando imagem de fundo do menu
[19-08-2025 08:55] INFO - Menu inicializado com sucesso
[19-08-2025 08:55] INFO - Iniciando loop do menu
[19-08-2025 08:55] DEBUG - Opção selecionada: NEW GAME 2P - COOPERATIVE
[19-08-2025 08:55] DEBUG - Opção selecionada: NEW GAME 2P - COMPETITIVE
[19-08-2025 08:55] INFO - Opção confirmada: NEW GAME 2P - COMPETITIVE
[19-08-2025 08:55] INFO - Jogador selecionou o modo: NEW GAME 2P - COMPETITIVE
[19-08-2025 08:55] INFO - Gerenciando modo de jogo: NEW GAME 2P - COMPETITIVE
[19-08-2025 08:55] INFO - Iniciando Level1
[19-08-2025 08:55] INFO - Iniciando nível: Level1 com modo: NEW GAME 2P - COMPETITIVE
[19-08-2025 08:55] INFO - Inicializando nível: Level1 com modo: NEW GAME 2P - COMPETITIVE
[19-08-2025 08:55] DEBUG - Adicionando jogadores ao nível Level1
[19-08-2025 08:55] DEBUG - Jogador 1 adicionado com pontuação: 0 e saúde: 300
[19-08-2025 08:55] DEBUG - Jogador 2 adicionado com pontuação: 0 e saúde: 300
[19-08-2025 08:55] DEBUG - Nível Level1 inicializado com sucesso
[19-08-2025 08:55] DEBUG - Configurando música para o nível Level1
[19-08-2025 08:55] DEBUG - Música padrão de nível carregada
[19-08-2025 08:55] INFO - Iniciando execução do nível Level1
[19-08-2025 08:55] DEBUG - Criando inimigo do tipo Ship_Enemy2
[19-08-2025 08:56] DEBUG - Criando inimigo do tipo Ship_Enemy2
[19-08-2025 08:56] DEBUG - Criando inimigo do tipo Ship_Enemy2
[19-08-2025 08:56] DEBUG - Criando inimigo do tipo Ship_Enemy2
[19-08-2025 08:56] DEBUG - Criando inimigo do tipo Ship_Enemy1
[19-08-2025 08:56] DEBUG - Criando inimigo do tipo Ship_Enemy1
[19-08-2025 08:56] DEBUG - Criando inimigo do tipo Ship_Enemy1
[19-08-2025 08:56] INFO - Tempo esgotado no nível Level1
[19-08-2025 08:56] DEBUG - Salvando dados dos jogadores
[19-08-2025 08:56] DEBUG - Dados do Jogador 1 salvos: score=200, health=220
[19-08-2025 08:56] DEBUG - Dados do Jogador 2 salvos: score=300, health=250
[19-08-2025 08:56] INFO - Nível Level1 finalizado com resultado: True
[19-08-2025 08:56] INFO - Nível Level1 finalizado com resultado: True
[19-08-2025 08:56] INFO - Level 1 concluído com sucesso
[19-08-2025 08:56] INFO - Exibindo tela de transição: assets/tela_2_fase.png
[19-08-2025 08:56] DEBUG - Tela de transição concluída
[19-08-2025 08:56] INFO - Iniciando nível: Level2 com modo: NEW GAME 2P - COMPETITIVE
[19-08-2025 08:56] INFO - Inicializando nível: Level2 com modo: NEW GAME 2P - COMPETITIVE
[19-08-2025 08:56] DEBUG - Adicionando jogadores ao nível Level2
[19-08-2025 08:56] DEBUG - Jogador 1 adicionado com pontuação: 200 e saúde: 220
[19-08-2025 08:56] DEBUG - Jogador 2 adicionado com pontuação: 300 e saúde: 250
[19-08-2025 08:56] DEBUG - Nível Level2 inicializado com sucesso
[19-08-2025 08:56] DEBUG - Configurando música para o nível Level2
[19-08-2025 08:56] DEBUG - Música padrão de nível carregada
[19-08-2025 08:56] INFO - Iniciando execução do nível Level2
[19-08-2025 08:56] DEBUG - Criando inimigo do tipo Ship_Enemy1
[19-08-2025 08:56] DEBUG - Criando inimigo do tipo Ship_Enemy1
[19-08-2025 08:56] DEBUG - Criando inimigo do tipo Ship_Enemy1
[19-08-2025 08:56] DEBUG - Criando inimigo do tipo Ship_Enemy2
[19-08-2025 08:56] DEBUG - Criando inimigo do tipo Ship_Enemy1
[19-08-2025 08:56] DEBUG - Criando inimigo do tipo Ship_Enemy2
[19-08-2025 08:56] DEBUG - Criando inimigo do tipo Ship_Enemy1
[19-08-2025 08:56] DEBUG - Criando inimigo do tipo Ship_Enemy1
[19-08-2025 08:56] DEBUG - Criando inimigo do tipo Ship_Enemy1
[19-08-2025 08:56] DEBUG - Criando inimigo do tipo Ship_Enemy2
[19-08-2025 08:56] DEBUG - Criando inimigo do tipo Ship_Enemy1
[19-08-2025 08:56] DEBUG - Criando inimigo do tipo Ship_Enemy1
[19-08-2025 08:56] DEBUG - Criando inimigo do tipo Ship_Enemy2
[19-08-2025 08:56] DEBUG - Criando inimigo do tipo Ship_Enemy1
[19-08-2025 08:56] DEBUG - Criando inimigo do tipo Ship_Enemy1
[19-08-2025 08:56] DEBUG - Criando inimigo do tipo Ship_Enemy1
[19-08-2025 08:56] DEBUG - Criando inimigo do tipo Ship_Enemy1
[19-08-2025 08:56] DEBUG - Criando inimigo do tipo Ship_Enemy1
[19-08-2025 08:56] DEBUG - Criando inimigo do tipo Ship_Enemy1
[19-08-2025 08:56] INFO - Tempo esgotado no nível Level2
[19-08-2025 08:56] DEBUG - Salvando dados dos jogadores
[19-08-2025 08:56] DEBUG - Dados do Jogador 1 salvos: score=200, health=140
[19-08-2025 08:56] DEBUG - Dados do Jogador 2 salvos: score=2000, health=160
[19-08-2025 08:56] INFO - Nível Level2 finalizado com resultado: True
[19-08-2025 08:56] INFO - Nível Level2 finalizado com resultado: True
[19-08-2025 08:56] INFO - Level 2 concluído com sucesso - Boss
[19-08-2025 08:56] INFO - Exibindo tela de transição: assets/tela_3_fase.png
[19-08-2025 08:56] DEBUG - Tela de transição concluída
[19-08-2025 08:56] INFO - Iniciando nível: Level3 com modo: NEW GAME 2P - COMPETITIVE
[19-08-2025 08:56] INFO - Inicializando nível: Level3 com modo: NEW GAME 2P - COMPETITIVE
[19-08-2025 08:56] DEBUG - Adicionando jogadores ao nível Level3
[19-08-2025 08:56] DEBUG - Jogador 1 adicionado com pontuação: 200 e saúde: 140
[19-08-2025 08:56] DEBUG - Jogador 2 adicionado com pontuação: 2000 e saúde: 160
[19-08-2025 08:56] DEBUG - Nível Level3 inicializado com sucesso
[19-08-2025 08:56] DEBUG - Configurando música para o nível Level3
[19-08-2025 08:56] DEBUG - Música do Boss carregada
[19-08-2025 08:56] INFO - Iniciando execução do nível Level3
[19-08-2025 08:56] INFO - Boss derrotado! Vitória alcançada
[19-08-2025 08:56] DEBUG - Salvando dados dos jogadores
[19-08-2025 08:56] DEBUG - Dados do Jogador 2 salvos: score=2500, health=160
[19-08-2025 08:56] INFO - Nível Level3 finalizado com resultado: victory
[19-08-2025 08:56] INFO - Nível Level3 finalizado com resultado: victory
[19-08-2025 08:56] INFO - Jogador venceu o nível
[19-08-2025 08:56] INFO - Level 3 concluído - Boss derrotado - vitória
[19-08-2025 08:56] INFO - Exibindo tela de transição: assets/tela_vitoria.png
[19-08-2025 08:56] DEBUG - Tela de transição concluída
[19-08-2025 08:56] INFO - Salvando pontuação: modo=NEW GAME 2P - COMPETITIVE, pontuação=[200, 2500, 140, 160]
[19-08-2025 08:56] INFO - Exibindo tela de pontuações
[19-08-2025 08:56] DEBUG - Exibindo menu principal na tela
[19-08-2025 08:56] INFO - Inicializando Menu
[19-08-2025 08:56] DEBUG - Carregando imagem de fundo do menu
[19-08-2025 08:56] INFO - Menu inicializado com sucesso
[19-08-2025 08:56] INFO - Iniciando loop do menu
[19-08-2025 08:56] DEBUG - Opção selecionada: NEW GAME 2P - COOPERATIVE
[19-08-2025 08:56] DEBUG - Opção selecionada: NEW GAME 2P - COMPETITIVE
[19-08-2025 08:56] DEBUG - Opção selecionada: SCORE
[19-08-2025 08:56] DEBUG - Opção selecionada: EXIT
[19-08-2025 08:56] INFO - Opção confirmada: EXIT
[19-08-2025 08:56] INFO - Saindo do jogo
[19-08-2025 08:56] INFO - Encerrando o jogo...
