[2025-08-18 06:31:43,077] DEBUG - Logger initialized
[2025-08-18 06:31:43,077] INFO - Iniciando o jogo SkyFighters
[2025-08-18 06:31:43,077] INFO - Inicializando classe Game
[2025-08-18 06:31:43,472] INFO - Inicializando sistema de pontuação
[2025-08-18 06:31:43,509] DEBUG - Sistema de pontuação inicializado com sucesso
[2025-08-18 06:31:43,509] INFO - Classe Game inicializada com sucesso
[2025-08-18 06:31:43,509] INFO - Jogo inicializado com sucesso
[2025-08-18 06:31:43,509] INFO - Iniciando loop principal do jogo
[2025-08-18 06:31:43,509] DEBUG - Exibindo menu principal
[2025-08-18 06:31:43,509] INFO - Inicializando Menu
[2025-08-18 06:31:43,512] DEBUG - Carregando imagem de fundo do menu
[2025-08-18 06:31:43,549] INFO - Menu inicializado com sucesso
[2025-08-18 06:31:43,549] INFO - Iniciando loop do menu
[2025-08-18 06:31:56,508] DEBUG - Opção selecionada: NEW GAME 2P - COOPERATIVE
[2025-08-18 06:31:56,858] DEBUG - Opção selecionada: NEW GAME 2P - COMPETITIVE
[2025-08-18 06:31:57,007] DEBUG - Opção selecionada: SCORE
[2025-08-18 06:31:58,050] DEBUG - Opção selecionada: NEW GAME 2P - COMPETITIVE
[2025-08-18 06:31:58,294] DEBUG - Opção selecionada: NEW GAME 2P - COOPERATIVE
[2025-08-18 06:31:58,836] INFO - Opção confirmada: NEW GAME 2P - COOPERATIVE
[2025-08-18 06:31:58,836] INFO - Jogador selecionou modo: NEW GAME 2P - COOPERATIVE
[2025-08-18 06:31:58,836] INFO - Gerenciando modo de jogo: NEW GAME 2P - COOPERATIVE
[2025-08-18 06:31:58,836] INFO - Iniciando Level1
[2025-08-18 06:31:58,836] INFO - Iniciando nível: Level1 com modo: NEW GAME 2P - COOPERATIVE
[2025-08-18 06:31:58,836] INFO - Inicializando nível: Level1 com modo: NEW GAME 2P - COOPERATIVE
[2025-08-18 06:31:58,867] DEBUG - Adicionando jogadores ao nível Level1
[2025-08-18 06:31:58,869] DEBUG - Jogador 1 adicionado com pontuação: 0 e saúde: 300
[2025-08-18 06:31:58,870] DEBUG - Jogador 2 adicionado com pontuação: 0 e saúde: 300
[2025-08-18 06:31:58,870] DEBUG - Nível Level1 inicializado com sucesso
[2025-08-18 06:31:58,870] DEBUG - Configurando música para o nível Level1
[2025-08-18 06:31:58,872] DEBUG - Música padrão de nível carregada
[2025-08-18 06:31:58,872] INFO - Iniciando execução do nível Level1
[2025-08-18 06:32:00,986] DEBUG - Criando inimigo do tipo Ship_Enemy1
[2025-08-18 06:32:03,078] DEBUG - Criando inimigo do tipo Ship_Enemy1
[2025-08-18 06:32:05,187] DEBUG - Criando inimigo do tipo Ship_Enemy1
[2025-08-18 06:32:07,280] DEBUG - Criando inimigo do tipo Ship_Enemy1
[2025-08-18 06:32:09,383] DEBUG - Criando inimigo do tipo Ship_Enemy2
[2025-08-18 06:32:11,486] DEBUG - Criando inimigo do tipo Ship_Enemy2
[2025-08-18 06:32:13,585] DEBUG - Criando inimigo do tipo Ship_Enemy1
[2025-08-18 06:32:13,934] INFO - Tempo esgotado no nível Level1
[2025-08-18 06:32:13,934] DEBUG - Salvando dados dos jogadores
[2025-08-18 06:32:13,934] DEBUG - Dados do Jogador 1 salvos: score=600, health=220
[2025-08-18 06:32:13,934] DEBUG - Dados do Jogador 2 salvos: score=0, health=240
[2025-08-18 06:32:13,934] INFO - Nível Level1 finalizado com resultado: True
[2025-08-18 06:32:13,934] INFO - Nível Level1 finalizado com resultado: True
[2025-08-18 06:32:13,934] INFO - Level1 concluído com sucesso, avançando para Level2
[2025-08-18 06:32:13,935] INFO - Exibindo tela de transição: assets/tela_2_fase.png
[2025-08-18 06:32:16,971] DEBUG - Tela de transição concluída
[2025-08-18 06:32:16,971] INFO - Iniciando nível: Level2 com modo: NEW GAME 2P - COOPERATIVE
[2025-08-18 06:32:16,971] INFO - Inicializando nível: Level2 com modo: NEW GAME 2P - COOPERATIVE
[2025-08-18 06:32:16,996] DEBUG - Adicionando jogadores ao nível Level2
[2025-08-18 06:32:16,996] DEBUG - Jogador 1 adicionado com pontuação: 600 e saúde: 220
[2025-08-18 06:32:16,996] DEBUG - Jogador 2 adicionado com pontuação: 0 e saúde: 240
[2025-08-18 06:32:16,997] DEBUG - Nível Level2 inicializado com sucesso
[2025-08-18 06:32:16,997] DEBUG - Configurando música para o nível Level2
[2025-08-18 06:32:16,997] DEBUG - Música padrão de nível carregada
[2025-08-18 06:32:16,997] INFO - Iniciando execução do nível Level2
[2025-08-18 06:32:17,002] DEBUG - Criando inimigo do tipo Ship_Enemy1
[2025-08-18 06:32:18,103] DEBUG - Criando inimigo do tipo Ship_Enemy1
[2025-08-18 06:32:19,203] DEBUG - Criando inimigo do tipo Ship_Enemy1
[2025-08-18 06:32:20,309] DEBUG - Criando inimigo do tipo Ship_Enemy1
[2025-08-18 06:32:21,415] DEBUG - Criando inimigo do tipo Ship_Enemy1
[2025-08-18 06:32:22,504] DEBUG - Criando inimigo do tipo Ship_Enemy2
[2025-08-18 06:32:23,616] DEBUG - Criando inimigo do tipo Ship_Enemy2
[2025-08-18 06:32:24,707] DEBUG - Criando inimigo do tipo Ship_Enemy2
[2025-08-18 06:32:25,811] DEBUG - Criando inimigo do tipo Ship_Enemy1
[2025-08-18 06:32:26,905] DEBUG - Criando inimigo do tipo Ship_Enemy1
[2025-08-18 06:32:28,003] DEBUG - Criando inimigo do tipo Ship_Enemy2
[2025-08-18 06:32:29,111] DEBUG - Criando inimigo do tipo Ship_Enemy1
[2025-08-18 06:32:30,207] DEBUG - Criando inimigo do tipo Ship_Enemy1
[2025-08-18 06:32:31,317] DEBUG - Criando inimigo do tipo Ship_Enemy1
[2025-08-18 06:32:32,411] DEBUG - Criando inimigo do tipo Ship_Enemy1
[2025-08-18 06:32:33,518] DEBUG - Criando inimigo do tipo Ship_Enemy1
[2025-08-18 06:32:34,612] DEBUG - Criando inimigo do tipo Ship_Enemy1
[2025-08-18 06:32:35,722] DEBUG - Criando inimigo do tipo Ship_Enemy1
[2025-08-18 06:32:36,812] DEBUG - Criando inimigo do tipo Ship_Enemy2
[2025-08-18 06:32:37,095] INFO - Tempo esgotado no nível Level2
[2025-08-18 06:32:37,096] DEBUG - Salvando dados dos jogadores
[2025-08-18 06:32:37,096] DEBUG - Dados do Jogador 2 salvos: score=0, health=150
[2025-08-18 06:32:37,096] INFO - Nível Level2 finalizado com resultado: True
[2025-08-18 06:32:37,096] INFO - Nível Level2 finalizado com resultado: True
[2025-08-18 06:32:37,096] INFO - Level2 concluído com sucesso, avançando para Level3
[2025-08-18 06:32:37,096] INFO - Exibindo tela de transição: assets/tela_3_fase.png
[2025-08-18 06:32:40,126] DEBUG - Tela de transição concluída
[2025-08-18 06:32:40,126] INFO - Iniciando nível: Level3 com modo: NEW GAME 2P - COOPERATIVE
[2025-08-18 06:32:40,126] INFO - Inicializando nível: Level3 com modo: NEW GAME 2P - COOPERATIVE
[2025-08-18 06:32:40,146] DEBUG - Adicionando jogadores ao nível Level3
[2025-08-18 06:32:40,147] DEBUG - Jogador 1 adicionado com pontuação: 600 e saúde: 220
[2025-08-18 06:32:40,147] DEBUG - Jogador 2 adicionado com pontuação: 0 e saúde: 150
[2025-08-18 06:32:40,149] DEBUG - Nível Level3 inicializado com sucesso
[2025-08-18 06:32:40,149] DEBUG - Configurando música para o nível Level3
[2025-08-18 06:32:40,150] DEBUG - Música do Boss carregada
[2025-08-18 06:32:40,150] INFO - Iniciando execução do nível Level3
[2025-08-18 06:32:52,174] INFO - Boss derrotado! Vitória alcançada
[2025-08-18 06:32:52,174] DEBUG - Salvando dados dos jogadores
[2025-08-18 06:32:52,174] DEBUG - Dados do Jogador 2 salvos: score=0, health=30
[2025-08-18 06:32:52,174] INFO - Nível Level3 finalizado com resultado: victory
[2025-08-18 06:32:52,174] INFO - Nível Level3 finalizado com resultado: victory
[2025-08-18 06:32:52,174] INFO - Jogador venceu o nível
[2025-08-18 06:32:52,174] INFO - Level3 concluído com sucesso, jogo finalizado com vitória
[2025-08-18 06:32:52,174] INFO - Exibindo tela de transição: assets/tela_vitoria.png
[2025-08-18 06:32:55,221] DEBUG - Tela de transição concluída
[2025-08-18 06:32:55,221] INFO - Salvando pontuação: modo=NEW GAME 2P - COOPERATIVE, pontuação=[600, 0, 220, 30]
[2025-08-18 06:32:58,243] INFO - Exibindo tela de pontuações
[2025-08-18 06:33:00,739] DEBUG - Exibindo menu principal
[2025-08-18 06:33:00,739] INFO - Inicializando Menu
[2025-08-18 06:33:00,740] DEBUG - Carregando imagem de fundo do menu
[2025-08-18 06:33:00,775] INFO - Menu inicializado com sucesso
[2025-08-18 06:33:00,775] INFO - Iniciando loop do menu
[2025-08-18 06:33:01,840] DEBUG - Opção selecionada: NEW GAME 2P - COOPERATIVE
[2025-08-18 06:33:02,021] DEBUG - Opção selecionada: NEW GAME 2P - COMPETITIVE
[2025-08-18 06:33:02,186] DEBUG - Opção selecionada: SCORE
[2025-08-18 06:33:02,563] DEBUG - Opção selecionada: EXIT
[2025-08-18 06:33:03,178] INFO - Opção confirmada: EXIT
[2025-08-18 06:33:03,178] INFO - Jogador selecionou sair do jogo
[2025-08-18 06:33:03,236] INFO - Encerrando o jogo
