[2025-08-19 08:44:07,323] DEBUG - Logger initialized
[2025-08-19 08:44:07,323] INFO - Iniciando o jogo SkyFighters...
[2025-08-19 08:44:07,323] INFO - Inicializando a classe Game...
[2025-08-19 08:44:07,911] INFO - Inicializando sistema de pontuação
[2025-08-19 08:44:07,944] DEBUG - Sistema de pontuação inicializado com sucesso
[2025-08-19 08:44:07,944] INFO - Classe Game inicializada com sucesso...
[2025-08-19 08:44:07,944] INFO - Jogo inicializado com sucesso...
[2025-08-19 08:44:07,944] INFO - Iniciando o loop principal do jogo
[2025-08-19 08:44:07,944] DEBUG - Exibindo menu principal na tela
[2025-08-19 08:44:07,944] INFO - Inicializando Menu
[2025-08-19 08:44:07,946] DEBUG - Carregando imagem de fundo do menu
[2025-08-19 08:44:07,984] INFO - Menu inicializado com sucesso
[2025-08-19 08:44:07,984] INFO - Iniciando loop do menu
[2025-08-19 08:44:09,611] INFO - Opção confirmada: NEW GAME 1P
[2025-08-19 08:44:09,611] INFO - Jogador selecionou o modo: NEW GAME 1P
[2025-08-19 08:44:09,611] INFO - Gerenciando modo de jogo: NEW GAME 1P
[2025-08-19 08:44:09,611] INFO - Iniciando Level1
[2025-08-19 08:44:09,611] INFO - Iniciando nível: Level1 com modo: NEW GAME 1P
[2025-08-19 08:44:09,611] INFO - Inicializando nível: Level1 com modo: NEW GAME 1P
[2025-08-19 08:44:09,630] DEBUG - Adicionando jogadores ao nível Level1
[2025-08-19 08:44:09,631] DEBUG - Jogador 1 adicionado com pontuação: 0 e saúde: 300
[2025-08-19 08:44:09,631] DEBUG - Nível Level1 inicializado com sucesso
[2025-08-19 08:44:09,631] DEBUG - Configurando música para o nível Level1
[2025-08-19 08:44:09,631] DEBUG - Música padrão de nível carregada
[2025-08-19 08:44:09,631] INFO - Iniciando execução do nível Level1
[2025-08-19 08:44:11,747] DEBUG - Criando inimigo do tipo Ship_Enemy1
[2025-08-19 08:44:13,847] DEBUG - Criando inimigo do tipo Ship_Enemy1
[2025-08-19 08:44:15,945] DEBUG - Criando inimigo do tipo Ship_Enemy2
[2025-08-19 08:44:18,046] DEBUG - Criando inimigo do tipo Ship_Enemy1
[2025-08-19 08:44:20,145] DEBUG - Criando inimigo do tipo Ship_Enemy1
[2025-08-19 08:44:22,246] DEBUG - Criando inimigo do tipo Ship_Enemy2
[2025-08-19 08:44:24,350] DEBUG - Criando inimigo do tipo Ship_Enemy1
[2025-08-19 08:44:24,716] INFO - Tempo esgotado no nível Level1
[2025-08-19 08:44:24,716] DEBUG - Salvando dados dos jogadores
[2025-08-19 08:44:24,716] DEBUG - Dados do Jogador 1 salvos: score=800, health=270
[2025-08-19 08:44:24,716] INFO - Nível Level1 finalizado com resultado: True
[2025-08-19 08:44:24,716] INFO - Nível Level1 finalizado com resultado: True
[2025-08-19 08:44:24,717] INFO - Level 1 concluído com sucesso
[2025-08-19 08:44:24,717] INFO - Exibindo tela de transição: assets/tela_2_fase.png
[2025-08-19 08:44:27,750] DEBUG - Tela de transição concluída
[2025-08-19 08:44:27,750] INFO - Iniciando nível: Level2 com modo: NEW GAME 1P
[2025-08-19 08:44:27,750] INFO - Inicializando nível: Level2 com modo: NEW GAME 1P
[2025-08-19 08:44:27,775] DEBUG - Adicionando jogadores ao nível Level2
[2025-08-19 08:44:27,776] DEBUG - Jogador 1 adicionado com pontuação: 800 e saúde: 270
[2025-08-19 08:44:27,776] DEBUG - Nível Level2 inicializado com sucesso
[2025-08-19 08:44:27,776] DEBUG - Configurando música para o nível Level2
[2025-08-19 08:44:27,776] DEBUG - Música padrão de nível carregada
[2025-08-19 08:44:27,776] INFO - Iniciando execução do nível Level2
[2025-08-19 08:44:27,779] DEBUG - Criando inimigo do tipo Ship_Enemy1
[2025-08-19 08:44:28,882] DEBUG - Criando inimigo do tipo Ship_Enemy2
[2025-08-19 08:44:29,980] DEBUG - Criando inimigo do tipo Ship_Enemy1
[2025-08-19 08:44:31,084] DEBUG - Criando inimigo do tipo Ship_Enemy2
[2025-08-19 08:44:32,183] DEBUG - Criando inimigo do tipo Ship_Enemy1
[2025-08-19 08:44:33,284] DEBUG - Criando inimigo do tipo Ship_Enemy1
[2025-08-19 08:44:34,380] DEBUG - Criando inimigo do tipo Ship_Enemy2
[2025-08-19 08:44:35,497] DEBUG - Criando inimigo do tipo Ship_Enemy1
[2025-08-19 08:44:36,591] DEBUG - Criando inimigo do tipo Ship_Enemy1
[2025-08-19 08:44:37,607] INFO - Todos os jogadores foram derrotados
[2025-08-19 08:44:37,608] DEBUG - Salvando dados dos jogadores
[2025-08-19 08:44:37,608] INFO - Nível Level2 finalizado com resultado: game_over
[2025-08-19 08:44:37,608] INFO - Nível Level2 finalizado com resultado: game_over
[2025-08-19 08:44:37,608] INFO - Jogador foi derrotado
[2025-08-19 08:44:37,608] INFO - Derrota no Level 2, jogo finalizado
[2025-08-19 08:44:37,608] INFO - Exibindo tela de transição: assets/tela_gameOver.png
[2025-08-19 08:44:40,650] DEBUG - Tela de transição concluída
[2025-08-19 08:44:40,650] DEBUG - Exibindo menu principal na tela
[2025-08-19 08:44:40,650] INFO - Inicializando Menu
[2025-08-19 08:44:40,652] DEBUG - Carregando imagem de fundo do menu
[2025-08-19 08:44:40,688] INFO - Menu inicializado com sucesso
[2025-08-19 08:44:40,688] INFO - Iniciando loop do menu
[2025-08-19 08:44:40,689] DEBUG - Opção selecionada: EXIT
[2025-08-19 08:44:42,184] INFO - Opção confirmada: EXIT
[2025-08-19 08:44:42,184] INFO - Saindo do jogo
[2025-08-19 08:44:42,267] INFO - Encerrando o jogo...
